<?xml version="1.0" encoding="UTF-8"?>
<testsuite name="dominik.nadgodziny.NadgodzinyApplicationTests" tests="1" skipped="0" failures="0" errors="0" timestamp="2025-05-17T16:34:10" hostname="MacBook-Air-Dominik.local" time="0.308">
  <properties/>
  <testcase name="contextLoads()" classname="dominik.nadgodziny.NadgodzinyApplicationTests" time="0.308"/>
  <system-out><![CDATA[ _   _    _    ____   ____  ___  ____ ________ _   ___   __
| \ | |  / \  |  _ \ / ___|/ _ \|  _ \__  /_ _| \ | \ \ / /
|  \| | / _ \ | | | | |  _| | | | | | |/ / | ||  \| |\ V /
| |\  |/ ___ \| |_| | |_| | |_| | |_| / /_ | || |\  | | |
|_| \_/_/   \_\____/ \____|\___/|____/____|___|_| \_| |_|
]]></system-out>
  <system-err><![CDATA[WARNING: A Java agent has been loaded dynamically (/Users/dominik/.gradle/caches/modules-2/files-2.1/net.bytebuddy/byte-buddy-agent/1.14.8/ae6ebe485f3bcd0a1e20241488a32e6400a501ef/byte-buddy-agent-1.14.8.jar)
WARNING: If a serviceability tool is in use, please run with -XX:+EnableDynamicAgentLoading to hide this warning
WARNING: If a serviceability tool is not in use, please run with -Djdk.instrument.traceUsage for more information
WARNING: Dynamic loading of agents will be disallowed by default in a future release
]]></system-err>
</testsuite>
