<?xml version="1.0" encoding="UTF-8"?>
<testsuite name="dominik.nadgodziny.domain.overtime.OvertimeFacadeTest" tests="9" skipped="0" failures="0" errors="0" timestamp="2025-05-21T17:40:11" hostname="MacBook-Air-Dominik.local" time="0.028">
  <properties/>
  <testcase name="shouldSumAllHoursByGivenStatusInGivenMonth()" classname="dominik.nadgodziny.domain.overtime.OvertimeFacadeTest" time="0.02"/>
  <testcase name="shouldFindAllOvertimeWIthSuccessWithGivenStatus()" classname="dominik.nadgodziny.domain.overtime.OvertimeFacadeTest" time="0.001"/>
  <testcase name="shouldCreateOvertimeAndSaveToDbSuccessfully()" classname="dominik.nadgodziny.domain.overtime.OvertimeFacadeTest" time="0.002"/>
  <testcase name="shouldSumAllOvertimesStatisticByYear()" classname="dominik.nadgodziny.domain.overtime.OvertimeFacadeTest" time="0.0"/>
  <testcase name="shouldDeleteOvertimeByGivenId()" classname="dominik.nadgodziny.domain.overtime.OvertimeFacadeTest" time="0.001"/>
  <testcase name="shouldSumAllHoursByGivenMonth()" classname="dominik.nadgodziny.domain.overtime.OvertimeFacadeTest" time="0.0"/>
  <testcase name="shouldFindAllOvertimeWIthSuccessWithGivenMonth()" classname="dominik.nadgodziny.domain.overtime.OvertimeFacadeTest" time="0.001"/>
  <testcase name="shouldFindAllOvertimeWIthSuccessWithThreeResults()" classname="dominik.nadgodziny.domain.overtime.OvertimeFacadeTest" time="0.0"/>
  <testcase name="shouldThrowExceptionWhenOvertimeCreateDtoIsNull()" classname="dominik.nadgodziny.domain.overtime.OvertimeFacadeTest" time="0.002"/>
  <system-out><![CDATA[Usnunieto nadgodzini o id: 49
]]></system-out>
  <system-err><![CDATA[]]></system-err>
</testsuite>
