<?xml version="1.0" encoding="UTF-8"?>
<testsuite name="dominik.nadgodziny.infrastructure.overtime.console.PromptMenuTest" tests="5" skipped="0" failures="0" errors="0" timestamp="2025-05-21T17:40:11" hostname="MacBook-Air-Dominik.local" time="0.006">
  <properties/>
  <testcase name="shouldPrintOvertimeStatusSelectionMenu()" classname="dominik.nadgodziny.infrastructure.overtime.console.PromptMenuTest" time="0.002"/>
  <testcase name="shouldPrintInitialInfoOfMainMenuFind()" classname="dominik.nadgodziny.infrastructure.overtime.console.PromptMenuTest" time="0.001"/>
  <testcase name="shouldPrintInitialInfoOfMainMenu()" classname="dominik.nadgodziny.infrastructure.overtime.console.PromptMenuTest" time="0.001"/>
  <testcase name="shouldPrintInitialCsvExportMenu()" classname="dominik.nadgodziny.infrastructure.overtime.console.PromptMenuTest" time="0.001"/>
  <testcase name="shouldPrintInitialInfoOfCreateAndDeleteMenu()" classname="dominik.nadgodziny.infrastructure.overtime.console.PromptMenuTest" time="0.001"/>
  <system-out><![CDATA[]]></system-out>
  <system-err><![CDATA[]]></system-err>
</testsuite>
