<?xml version="1.0" encoding="UTF-8"?>
<testsuite name="dominik.nadgodziny.infrastructure.overtime.controller.OvertimeControllerHandlerTest" tests="4" skipped="0" failures="0" errors="0" timestamp="2025-05-21T17:40:18" hostname="MacBook-Air-Dominik.local" time="0.151">
  <properties/>
  <testcase name="shouldHandleOvertimeNotFound()" classname="dominik.nadgodziny.infrastructure.overtime.controller.OvertimeControllerHandlerTest" time="0.094"/>
  <testcase name="shouldHandleMissingYearQueryParam()" classname="dominik.nadgodziny.infrastructure.overtime.controller.OvertimeControllerHandlerTest" time="0.011"/>
  <testcase name="shouldHandleMissingStatusQueryParam()" classname="dominik.nadgodziny.infrastructure.overtime.controller.OvertimeControllerHandlerTest" time="0.005"/>
  <testcase name="shouldHandleOvertimeValidation()" classname="dominik.nadgodziny.infrastructure.overtime.controller.OvertimeControllerHandlerTest" time="0.038"/>
  <system-out><![CDATA[]]></system-out>
  <system-err><![CDATA[]]></system-err>
</testsuite>
